execve("/usr/bin/python3", ["python3", "./python/hello-world.py"], 0xfffffb26edf8 /* 54 vars */) = 0
mmap(NULL, 8192, PROT_READ|PROT_WRITE, MAP_PRIVATE|MAP_ANONYMOUS, -1, 0) = 0xf67f5dca8000
openat(AT_FDCWD, "/etc/ld.so.cache", O_RDONLY|O_CLOEXEC) = 3
mmap(NULL, 71389, PROT_READ, MAP_PRIVATE, 3, 0) = 0xf67f5dc60000
close(3)                                = 0
openat(AT_FDCWD, "/usr/lib/aarch64-linux-gnu/libm.so.6", O_RDONLY|O_CLOEXEC) = 3
read(3, "\177ELF\2\1\1\0\0\0\0\0\0\0\0\0\3\0\267\0\1\0\0\0\0\0\0\0\0\0\0\0"..., 832) = 832
mmap(NULL, 851992, PROT_NONE, MAP_PRIVATE|MAP_ANONYMOUS|MAP_DENYWRITE, -1, 0) = 0xf67f5db8f000
mmap(0xf67f5db90000, 786456, PROT_READ|PROT_EXEC, MAP_PRIVATE|MAP_FIXED|MAP_DENYWRITE, 3, 0) = 0xf67f5db90000
mmap(0xf67f5dc4f000, 8192, PROT_READ|PROT_WRITE, MAP_PRIVATE|MAP_FIXED|MAP_DENYWRITE, 3, 0xaf000) = 0xf67f5dc4f000
close(3)                                = 0
openat(AT_FDCWD, "/usr/lib/aarch64-linux-gnu/libz.so.1", O_RDONLY|O_CLOEXEC) = 3
read(3, "\177ELF\2\1\1\0\0\0\0\0\0\0\0\0\3\0\267\0\1\0\0\0\0\0\0\0\0\0\0\0"..., 832) = 832
mmap(NULL, 262312, PROT_NONE, MAP_PRIVATE|MAP_ANONYMOUS|MAP_DENYWRITE, -1, 0) = 0xf67f5db4f000
mmap(0xf67f5db50000, 196776, PROT_READ|PROT_EXEC, MAP_PRIVATE|MAP_FIXED|MAP_DENYWRITE, 3, 0) = 0xf67f5db50000
mmap(0xf67f5db7f000, 8192, PROT_READ|PROT_WRITE, MAP_PRIVATE|MAP_FIXED|MAP_DENYWRITE, 3, 0x1f000) = 0xf67f5db7f000
close(3)                                = 0
openat(AT_FDCWD, "/usr/lib/aarch64-linux-gnu/libexpat.so.1", O_RDONLY|O_CLOEXEC) = 3
read(3, "\177ELF\2\1\1\0\0\0\0\0\0\0\0\0\3\0\267\0\1\0\0\0\0\0\0\0\0\0\0\0"..., 832) = 832
mmap(NULL, 327832, PROT_NONE, MAP_PRIVATE|MAP_ANONYMOUS|MAP_DENYWRITE, -1, 0) = 0xf67f5daff000
mmap(0xf67f5db00000, 262296, PROT_READ|PROT_EXEC, MAP_PRIVATE|MAP_FIXED|MAP_DENYWRITE, 3, 0) = 0xf67f5db00000
mmap(0xf67f5db3e000, 12288, PROT_READ|PROT_WRITE, MAP_PRIVATE|MAP_FIXED|MAP_DENYWRITE, 3, 0x2e000) = 0xf67f5db3e000
close(3)                                = 0
openat(AT_FDCWD, "/usr/lib/aarch64-linux-gnu/libc.so.6", O_RDONLY|O_CLOEXEC) = 3
read(3, "\177ELF\2\1\1\3\0\0\0\0\0\0\0\0\3\0\267\0\1\0\0\0\3101\2\0\0\0\0\0"..., 832) = 832
mmap(NULL, 1957440, PROT_NONE, MAP_PRIVATE|MAP_ANONYMOUS|MAP_DENYWRITE, -1, 0) = 0xf67f5d922000
mmap(0xf67f5d930000, 1891904, PROT_READ|PROT_EXEC, MAP_PRIVATE|MAP_FIXED|MAP_DENYWRITE, 3, 0) = 0xf67f5d930000
mmap(0xf67f5daed000, 20480, PROT_READ|PROT_WRITE, MAP_PRIVATE|MAP_FIXED|MAP_DENYWRITE, 3, 0x1ad000) = 0xf67f5daed000
mmap(0xf67f5daf2000, 48704, PROT_READ|PROT_WRITE, MAP_PRIVATE|MAP_FIXED|MAP_ANONYMOUS, -1, 0) = 0xf67f5daf2000
close(3)                                = 0
mmap(NULL, 8192, PROT_READ|PROT_WRITE, MAP_PRIVATE|MAP_ANONYMOUS, -1, 0) = 0xf67f5dca6000
openat(AT_FDCWD, "/proc/sys/vm/overcommit_memory", O_RDONLY) = 3
read(3, "0\n", 32)                      = 2
close(3)                                = 0
openat(AT_FDCWD, "/usr/lib/locale/locale-archive", O_RDONLY|O_CLOEXEC) = 3
mmap(NULL, 3064432, PROT_READ, MAP_PRIVATE, 3, 0) = 0xf67f5d600000
close(3)                                = 0
openat(AT_FDCWD, "/usr/lib/aarch64-linux-gnu/gconv/gconv-modules.cache", O_RDONLY|O_CLOEXEC) = 3
mmap(NULL, 27028, PROT_READ, MAP_SHARED, 3, 0) = 0xf67f5dc9f000
close(3)                                = 0
mmap(NULL, 4096, PROT_READ|PROT_WRITE, MAP_DROPPABLE|MAP_ANONYMOUS, -1, 0) = 0xf67f5dc9e000
mmap(NULL, 4096, PROT_READ|PROT_WRITE, MAP_PRIVATE|MAP_ANONYMOUS, -1, 0) = 0xf67f5dc9d000
openat(AT_FDCWD, "/proc/self/maps", O_RDONLY|O_CLOEXEC) = 3
read(3, "00400000-00a8a000 r-xp 00000000 "..., 1024) = 1024
read(3, "00000000 fc:00 265446           "..., 1024) = 1024
read(3, "f67f5dc4f000 ---p 000af000 fc:00"..., 1024) = 1024
read(3, " 00030000 fc:00 265242          "..., 1024) = 222
close(3)                                = 0
mmap(NULL, 1048576, PROT_READ|PROT_WRITE, MAP_PRIVATE|MAP_ANONYMOUS, -1, 0) = 0xf67f5d500000
mmap(NULL, 266240, PROT_READ|PROT_WRITE, MAP_PRIVATE|MAP_ANONYMOUS, -1, 0) = 0xf67f5d8ef000
mmap(NULL, 16384, PROT_READ|PROT_WRITE, MAP_PRIVATE|MAP_ANONYMOUS, -1, 0) = 0xf67f5dc6e000
openat(AT_FDCWD, "/usr/pyvenv.cfg", O_RDONLY) = -1 ENOENT (No such file or directory)
openat(AT_FDCWD, "/usr/bin/pyvenv.cfg", O_RDONLY) = -1 ENOENT (No such file or directory)
openat(AT_FDCWD, "/usr/bin/python3._pth", O_RDONLY) = -1 ENOENT (No such file or directory)
openat(AT_FDCWD, "/usr/bin/python3.14._pth", O_RDONLY) = -1 ENOENT (No such file or directory)
openat(AT_FDCWD, "/usr/bin/pybuilddir.txt", O_RDONLY) = -1 ENOENT (No such file or directory)
mmap(NULL, 1048576, PROT_READ|PROT_WRITE, MAP_PRIVATE|MAP_ANONYMOUS, -1, 0) = 0xf67f5d400000
openat(AT_FDCWD, "/etc/localtime", O_RDONLY|O_CLOEXEC) = 3
read(3, "TZif2\0\0\0\0\0\0\0\0\0\0\0\0\0\0\0\0\0\0\0\0\0\0\0\0\0\0\0"..., 4096) = 114
read(3, "TZif2\0\0\0\0\0\0\0\0\0\0\0\0\0\0\0\0\0\0\0\0\0\0\0\0\0\0\0"..., 4096) = 60
close(3)                                = 0
openat(AT_FDCWD, "/usr/lib/python3.14", O_RDONLY|O_NONBLOCK|O_CLOEXEC|O_DIRECTORY) = 3
close(3)                                = 0
openat(AT_FDCWD, "/usr/lib/python3.14/encodings/__pycache__/__init__.cpython-314.pyc", O_RDONLY|O_CLOEXEC) = 3
read(3, "+\16\r\n\0\0\0\0W\323\325i9\27\0\0\343\0\0\0\0\0\0\0\0\0\0\0\0\6\0\0"..., 6739) = 6738
read(3, "", 1)                          = 0
close(3)                                = 0
openat(AT_FDCWD, "/usr/lib/python3.14/encodings", O_RDONLY|O_NONBLOCK|O_CLOEXEC|O_DIRECTORY) = 3
close(3)                                = 0
openat(AT_FDCWD, "/usr/lib/python3.14/encodings/__pycache__/aliases.cpython-314.pyc", O_RDONLY|O_CLOEXEC) = 3
read(3, "+\16\r\n\0\0\0\0W\323\325iU>\0\0\343\0\0\0\0\0\0\0\0\0\0\0\0\25\0\0"..., 12557) = 12556
read(3, "", 1)                          = 0
close(3)                                = 0
openat(AT_FDCWD, "/usr/lib/python3.14/encodings/__pycache__/utf_8.cpython-314.pyc", O_RDONLY|O_CLOEXEC) = 3
read(3, "+\16\r\n\0\0\0\0W\323\325i\355\3\0\0\343\0\0\0\0\0\0\0\0\0\0\0\0\5\0\0"..., 2331) = 2330
read(3, "", 1)                          = 0
close(3)                                = 0
openat(AT_FDCWD, "/usr/local/lib/python3.14/dist-packages", O_RDONLY|O_NONBLOCK|O_CLOEXEC|O_DIRECTORY) = 3
close(3)                                = 0
openat(AT_FDCWD, "/usr/lib/python3/dist-packages", O_RDONLY|O_NONBLOCK|O_CLOEXEC|O_DIRECTORY) = 3
close(3)                                = 0
openat(AT_FDCWD, "/usr/lib/python3/dist-packages/distutils-precedence.pth", O_RDONLY|O_CLOEXEC) = 3
read(3, "import os; var = 'SETUPTOOLS_USE"..., 152) = 151
read(3, "", 1)                          = 0
close(3)                                = 0
openat(AT_FDCWD, "/usr/lib/python3.14/encodings/__pycache__/utf_8_sig.cpython-314.pyc", O_RDONLY|O_CLOEXEC) = 3
read(3, "+\16\r\n\0\0\0\0W\323\325i%\20\0\0\343\0\0\0\0\0\0\0\0\0\0\0\0\5\0\0"..., 7201) = 7200
read(3, "", 1)                          = 0
close(3)                                = 0
openat(AT_FDCWD, "/usr/lib/python3.14/lib-dynload", O_RDONLY|O_NONBLOCK|O_CLOEXEC|O_DIRECTORY) = 3
close(3)                                = 0
openat(AT_FDCWD, "/usr/local/lib/python3.14/dist-packages", O_RDONLY|O_NONBLOCK|O_CLOEXEC|O_DIRECTORY) = 3
close(3)                                = 0
openat(AT_FDCWD, "/usr/lib/python3/dist-packages", O_RDONLY|O_NONBLOCK|O_CLOEXEC|O_DIRECTORY) = 3
close(3)                                = 0
openat(AT_FDCWD, "/usr/lib/python3/dist-packages/_distutils_hack/__pycache__/__init__.cpython-314.pyc", O_RDONLY|O_CLOEXEC) = 3
read(3, "+\16\r\n\0\0\0\0\16\352\3hc\32\0\0\343\0\0\0\0\0\0\0\0\0\0\0\0\6\0\0"..., 11662) = 11661
read(3, "", 1)                          = 0
close(3)                                = 0
openat(AT_FDCWD, "/usr/lib/python3.14/__pycache__/sitecustomize.cpython-314.pyc", O_RDONLY|O_CLOEXEC) = 3
read(3, "+\16\r\n\0\0\0\0W\323\325i\233\0\0\0\343\0\0\0\0\0\0\0\0\0\0\0\0\4\0\0"..., 306) = 305
read(3, "", 1)                          = 0
close(3)                                = 0
openat(AT_FDCWD, "/usr/lib/python3/dist-packages/__pycache__/apport_python_hook.cpython-314.pyc", O_RDONLY|O_CLOEXEC) = 3
read(3, "+\16\r\n\0\0\0\0e\224\327i\300\"\0\0\343\0\0\0\0\0\0\0\0\0\0\0\0\2\0\0"..., 10240) = 10239
read(3, "", 1)                          = 0
close(3)                                = 0
openat(AT_FDCWD, "/usr/lib/python3.14/__pycache__/types.cpython-314.pyc", O_RDONLY|O_CLOEXEC) = 3
read(3, "+\16\r\n\0\0\0\0W\323\325i\303,\0\0\343\0\0\0\0\0\0\0\0\0\0\0\0\6\0\0"..., 15841) = 15840
read(3, "", 1)                          = 0
close(3)                                = 0
openat(AT_FDCWD, "/home/layadang/assignment-2/./python/hello-world.py", O_RDONLY|O_CLOEXEC) = 3
read(3, "def main():\n    print(\"hello wor"..., 131072) = 76
read(3, "", 130996)                     = 0
close(3)                                = 0
openat(AT_FDCWD, "/home/layadang/assignment-2/./python/hello-world.py", O_RDONLY) = 3
read(3, "def main():\n    print(\"hello wor"..., 4096) = 76
read(3, "def main():\n    print(\"hello wor"..., 4096) = 76
read(3, "", 4096)                       = 0
close(3)                                = 0
write(1, "hello world\n", 12)           = 12
+++ exited with 0 +++
