execve("./bash/hello-world.sh", ["./bash/hello-world.sh"], 0xfffff78fe040 /* 54 vars */) = 0
mmap(NULL, 8192, PROT_READ|PROT_WRITE, MAP_PRIVATE|MAP_ANONYMOUS, -1, 0) = 0xf6809ad10000
openat(AT_FDCWD, "/etc/ld.so.cache", O_RDONLY|O_CLOEXEC) = 3
mmap(NULL, 71389, PROT_READ, MAP_PRIVATE, 3, 0) = 0xf6809acc8000
close(3)                                = 0
openat(AT_FDCWD, "/usr/lib/aarch64-linux-gnu/libtinfo.so.6", O_RDONLY|O_CLOEXEC) = 3
read(3, "\177ELF\2\1\1\0\0\0\0\0\0\0\0\0\3\0\267\0\1\0\0\0\0\0\0\0\0\0\0\0"..., 832) = 832
mmap(NULL, 395464, PROT_NONE, MAP_PRIVATE|MAP_ANONYMOUS|MAP_DENYWRITE, -1, 0) = 0xf6809ac67000
mmap(0xf6809ac70000, 329928, PROT_READ|PROT_EXEC, MAP_PRIVATE|MAP_FIXED|MAP_DENYWRITE, 3, 0) = 0xf6809ac70000
mmap(0xf6809acbc000, 20480, PROT_READ|PROT_WRITE, MAP_PRIVATE|MAP_FIXED|MAP_DENYWRITE, 3, 0x3c000) = 0xf6809acbc000
close(3)                                = 0
openat(AT_FDCWD, "/usr/lib/aarch64-linux-gnu/libc.so.6", O_RDONLY|O_CLOEXEC) = 3
read(3, "\177ELF\2\1\1\3\0\0\0\0\0\0\0\0\3\0\267\0\1\0\0\0\3101\2\0\0\0\0\0"..., 832) = 832
mmap(NULL, 1957440, PROT_NONE, MAP_PRIVATE|MAP_ANONYMOUS|MAP_DENYWRITE, -1, 0) = 0xf6809aa92000
mmap(0xf6809aaa0000, 1891904, PROT_READ|PROT_EXEC, MAP_PRIVATE|MAP_FIXED|MAP_DENYWRITE, 3, 0) = 0xf6809aaa0000
mmap(0xf6809ac5d000, 20480, PROT_READ|PROT_WRITE, MAP_PRIVATE|MAP_FIXED|MAP_DENYWRITE, 3, 0x1ad000) = 0xf6809ac5d000
mmap(0xf6809ac62000, 48704, PROT_READ|PROT_WRITE, MAP_PRIVATE|MAP_FIXED|MAP_ANONYMOUS, -1, 0) = 0xf6809ac62000
close(3)                                = 0
mmap(NULL, 8192, PROT_READ|PROT_WRITE, MAP_PRIVATE|MAP_ANONYMOUS, -1, 0) = 0xf6809ad0e000
openat(AT_FDCWD, "/dev/tty", O_RDWR|O_NONBLOCK) = 3
close(3)                                = 0
openat(AT_FDCWD, "/usr/lib/locale/locale-archive", O_RDONLY|O_CLOEXEC) = 3
mmap(NULL, 3064432, PROT_READ, MAP_PRIVATE, 3, 0) = 0xf6809a600000
close(3)                                = 0
openat(AT_FDCWD, "/usr/lib/aarch64-linux-gnu/gconv/gconv-modules.cache", O_RDONLY|O_CLOEXEC) = 3
mmap(NULL, 27028, PROT_READ, MAP_SHARED, 3, 0) = 0xf6809ad07000
close(3)                                = 0
openat(AT_FDCWD, "/usr/share/locale/locale.alias", O_RDONLY|O_CLOEXEC) = -1 ENOENT (No such file or directory)
openat(AT_FDCWD, "/usr/share/locale/en_US.UTF-8/LC_MESSAGES/bash.mo", O_RDONLY) = -1 ENOENT (No such file or directory)
openat(AT_FDCWD, "/usr/share/locale/en_US.utf8/LC_MESSAGES/bash.mo", O_RDONLY) = -1 ENOENT (No such file or directory)
openat(AT_FDCWD, "/usr/share/locale/en_US/LC_MESSAGES/bash.mo", O_RDONLY) = -1 ENOENT (No such file or directory)
openat(AT_FDCWD, "/usr/share/locale/en.UTF-8/LC_MESSAGES/bash.mo", O_RDONLY) = -1 ENOENT (No such file or directory)
openat(AT_FDCWD, "/usr/share/locale/en.utf8/LC_MESSAGES/bash.mo", O_RDONLY) = -1 ENOENT (No such file or directory)
openat(AT_FDCWD, "/usr/share/locale/en/LC_MESSAGES/bash.mo", O_RDONLY) = -1 ENOENT (No such file or directory)
openat(AT_FDCWD, "/usr/share/locale-langpack/en_US.UTF-8/LC_MESSAGES/bash.mo", O_RDONLY) = -1 ENOENT (No such file or directory)
openat(AT_FDCWD, "/usr/share/locale-langpack/en_US.utf8/LC_MESSAGES/bash.mo", O_RDONLY) = -1 ENOENT (No such file or directory)
openat(AT_FDCWD, "/usr/share/locale-langpack/en_US/LC_MESSAGES/bash.mo", O_RDONLY) = -1 ENOENT (No such file or directory)
openat(AT_FDCWD, "/usr/share/locale-langpack/en.UTF-8/LC_MESSAGES/bash.mo", O_RDONLY) = -1 ENOENT (No such file or directory)
openat(AT_FDCWD, "/usr/share/locale-langpack/en.utf8/LC_MESSAGES/bash.mo", O_RDONLY) = -1 ENOENT (No such file or directory)
openat(AT_FDCWD, "/usr/share/locale-langpack/en/LC_MESSAGES/bash.mo", O_RDONLY) = -1 ENOENT (No such file or directory)
openat(AT_FDCWD, "./bash/hello-world.sh", O_RDONLY) = 3
read(3, "#!/bin/bash\n\nprintf \"%s\\n\" \"hell"..., 80) = 41
close(3)                                = 0
read(255, "#!/bin/bash\n\nprintf \"%s\\n\" \"hell"..., 41) = 41
write(1, "hello world\n", 12)           = 12
read(255, "", 41)                       = 0
+++ exited with 0 +++
